<?xml version="1.0" encoding="UTF-8"?>
<testsuite xmlns:xsi="http://www.w3.org/2001/XMLSchema-instance" xsi:noNamespaceSchemaLocation="https://maven.apache.org/surefire/maven-surefire-plugin/xsd/surefire-test-report.xsd" name="com.dummy.myerp.business.impl.manager.ComptabiliteManagerImplTest" time="1.725" tests="77" errors="0" skipped="0" failures="0">
  <properties>
[...]
</properties>
  <testcase name="ligneEcritureComptableMontantComptableKoTest{String}[1]" classname="com.dummy.myerp.business.impl.manager.ComptabiliteManagerImplTest$ComptabiliteManagerImplTestCheckRGCompta0Test$LigneEcritureComptableTest" time="0.049"/>
  <testcase name="ligneEcritureComptableMontantComptableKoTest{String}[2]" classname="com.dummy.myerp.business.impl.manager.ComptabiliteManagerImplTest$ComptabiliteManagerImplTestCheckRGCompta0Test$LigneEcritureComptableTest" time="0.032"/>
  <testcase name="ligneEcritureComptableMontantComptableOkTest{String}[1]" classname="com.dummy.myerp.business.impl.manager.ComptabiliteManagerImplTest$ComptabiliteManagerImplTestCheckRGCompta0Test$LigneEcritureComptableTest" time="0.032"/>
  <testcase name="ligneEcritureComptableMontantComptableOkTest{String}[2]" classname="com.dummy.myerp.business.impl.manager.ComptabiliteManagerImplTest$ComptabiliteManagerImplTestCheckRGCompta0Test$LigneEcritureComptableTest" time="0.048"/>
  <testcase name="ligneEcritureComptableLibelleSizeKoTest{int}[1]" classname="com.dummy.myerp.business.impl.manager.ComptabiliteManagerImplTest$ComptabiliteManagerImplTestCheckRGCompta0Test$LigneEcritureComptableTest" time="0.036"/>
  <testcase name="ligneEcritureComptableLibelleSizeKoTest{int}[2]" classname="com.dummy.myerp.business.impl.manager.ComptabiliteManagerImplTest$ComptabiliteManagerImplTestCheckRGCompta0Test$LigneEcritureComptableTest" time="0.022"/>
  <testcase name="ligneEcritureComptableLibelleSizeKoTest{int}[3]" classname="com.dummy.myerp.business.impl.manager.ComptabiliteManagerImplTest$ComptabiliteManagerImplTestCheckRGCompta0Test$LigneEcritureComptableTest" time="0.03"/>
  <testcase name="ligneEcritureComptableLibelleSizeOkTest{int}[1]" classname="com.dummy.myerp.business.impl.manager.ComptabiliteManagerImplTest$ComptabiliteManagerImplTestCheckRGCompta0Test$LigneEcritureComptableTest" time="0.01"/>
  <testcase name="ligneEcritureComptableLibelleSizeOkTest{int}[2]" classname="com.dummy.myerp.business.impl.manager.ComptabiliteManagerImplTest$ComptabiliteManagerImplTestCheckRGCompta0Test$LigneEcritureComptableTest" time="0.018"/>
  <testcase name="ligneEcritureComptableLibelleSizeOkTest{int}[3]" classname="com.dummy.myerp.business.impl.manager.ComptabiliteManagerImplTest$ComptabiliteManagerImplTestCheckRGCompta0Test$LigneEcritureComptableTest" time="0.009"/>
  <testcase name="ligneEcritureComptableLibelleNull" classname="com.dummy.myerp.business.impl.manager.ComptabiliteManagerImplTest$ComptabiliteManagerImplTestCheckRGCompta0Test$LigneEcritureComptableTest" time="0.009"/>
  <testcase name="libelleSizeKoTest{int}[1]" classname="com.dummy.myerp.business.impl.manager.ComptabiliteManagerImplTest$ComptabiliteManagerImplTestCheckRGCompta0Test$RGCompta0EcritureComptableLibelleTest" time="0.017"/>
  <testcase name="libelleSizeKoTest{int}[2]" classname="com.dummy.myerp.business.impl.manager.ComptabiliteManagerImplTest$ComptabiliteManagerImplTestCheckRGCompta0Test$RGCompta0EcritureComptableLibelleTest" time="0.039"/>
  <testcase name="libelleSizeKoTest{int}[3]" classname="com.dummy.myerp.business.impl.manager.ComptabiliteManagerImplTest$ComptabiliteManagerImplTestCheckRGCompta0Test$RGCompta0EcritureComptableLibelleTest" time="0.044"/>
  <testcase name="libelleSizeOkTest{int}[1]" classname="com.dummy.myerp.business.impl.manager.ComptabiliteManagerImplTest$ComptabiliteManagerImplTestCheckRGCompta0Test$RGCompta0EcritureComptableLibelleTest" time="0.042"/>
  <testcase name="libelleSizeOkTest{int}[2]" classname="com.dummy.myerp.business.impl.manager.ComptabiliteManagerImplTest$ComptabiliteManagerImplTestCheckRGCompta0Test$RGCompta0EcritureComptableLibelleTest" time="0.032"/>
  <testcase name="libelleSizeOkTest{int}[3]" classname="com.dummy.myerp.business.impl.manager.ComptabiliteManagerImplTest$ComptabiliteManagerImplTestCheckRGCompta0Test$RGCompta0EcritureComptableLibelleTest" time="0.03"/>
  <testcase name="libelleNullTest" classname="com.dummy.myerp.business.impl.manager.ComptabiliteManagerImplTest$ComptabiliteManagerImplTestCheckRGCompta0Test$RGCompta0EcritureComptableLibelleTest" time="0.028"/>
  <testcase name="idTest" classname="com.dummy.myerp.business.impl.manager.ComptabiliteManagerImplTest$ComptabiliteManagerImplTestCheckRGCompta0Test" time="0.028"/>
  <testcase name="referenceRegexTest{String}[1]" classname="com.dummy.myerp.business.impl.manager.ComptabiliteManagerImplTest$ComptabiliteManagerImplTestCheckRGCompta0Test" time="0.029"/>
  <testcase name="referenceRegexTest{String}[2]" classname="com.dummy.myerp.business.impl.manager.ComptabiliteManagerImplTest$ComptabiliteManagerImplTestCheckRGCompta0Test" time="0.025"/>
  <testcase name="referenceRegexTest{String}[3]" classname="com.dummy.myerp.business.impl.manager.ComptabiliteManagerImplTest$ComptabiliteManagerImplTestCheckRGCompta0Test" time="0.033"/>
  <testcase name="referenceRegexTest{String}[4]" classname="com.dummy.myerp.business.impl.manager.ComptabiliteManagerImplTest$ComptabiliteManagerImplTestCheckRGCompta0Test" time="0.037"/>
  <testcase name="referenceRegexTest{String}[5]" classname="com.dummy.myerp.business.impl.manager.ComptabiliteManagerImplTest$ComptabiliteManagerImplTestCheckRGCompta0Test" time="0.026"/>
  <testcase name="referenceRegexTest{String}[6]" classname="com.dummy.myerp.business.impl.manager.ComptabiliteManagerImplTest$ComptabiliteManagerImplTestCheckRGCompta0Test" time="0.035"/>
  <testcase name="dateNullTest" classname="com.dummy.myerp.business.impl.manager.ComptabiliteManagerImplTest$ComptabiliteManagerImplTestCheckRGCompta0Test" time="0.017"/>
  <testcase name="listSizeZeroTest" classname="com.dummy.myerp.business.impl.manager.ComptabiliteManagerImplTest$ComptabiliteManagerImplTestCheckRGCompta0Test" time="0.028"/>
  <testcase name="journalNullTest" classname="com.dummy.myerp.business.impl.manager.ComptabiliteManagerImplTest$ComptabiliteManagerImplTestCheckRGCompta0Test" time="0.041"/>
  <testcase name="ConstrainsKoTest" classname="com.dummy.myerp.business.impl.manager.ComptabiliteManagerImplTest$ComptabiliteManagerImplTestCheckRGCompta0Test" time="0.041"/>
  <testcase name="ConstrainsOkTest" classname="com.dummy.myerp.business.impl.manager.ComptabiliteManagerImplTest$ComptabiliteManagerImplTestCheckRGCompta0Test" time="0.034"/>
  <testcase name="listSizeOneTest" classname="com.dummy.myerp.business.impl.manager.ComptabiliteManagerImplTest$ComptabiliteManagerImplTestCheckRGCompta0Test" time="0.026"/>
  <testcase name="journalComptableNotFoundTest{String}[1]" classname="com.dummy.myerp.business.impl.manager.ComptabiliteManagerImplTest$ComptabiliteManagerImplTestMethodsTest" time="0.077"/>
  <testcase name="journalComptableNotFoundTest{String}[2]" classname="com.dummy.myerp.business.impl.manager.ComptabiliteManagerImplTest$ComptabiliteManagerImplTestMethodsTest" time="0"/>
  <testcase name="ecritureComptableFoundTest{int}[1]" classname="com.dummy.myerp.business.impl.manager.ComptabiliteManagerImplTest$ComptabiliteManagerImplTestMethodsTest" time="0"/>
  <testcase name="ecritureComptableFoundTest{int}[2]" classname="com.dummy.myerp.business.impl.manager.ComptabiliteManagerImplTest$ComptabiliteManagerImplTestMethodsTest" time="0.004"/>
  <testcase name="createEcritureComptableReferenceTestFail" classname="com.dummy.myerp.business.impl.manager.ComptabiliteManagerImplTest$ComptabiliteManagerImplTestMethodsTest" time="0.008"/>
  <testcase name="createEcritureComptableReferenceTestPass" classname="com.dummy.myerp.business.impl.manager.ComptabiliteManagerImplTest$ComptabiliteManagerImplTestMethodsTest" time="0.005"/>
  <testcase name="setEcritureComptableReferenceTestFail" classname="com.dummy.myerp.business.impl.manager.ComptabiliteManagerImplTest$ComptabiliteManagerImplTestMethodsTest" time="0.005"/>
  <testcase name="setEcritureComptableReferenceTestPass" classname="com.dummy.myerp.business.impl.manager.ComptabiliteManagerImplTest$ComptabiliteManagerImplTestMethodsTest" time="0.004"/>
  <testcase name="compteComptableFoundTest" classname="com.dummy.myerp.business.impl.manager.ComptabiliteManagerImplTest$ComptabiliteManagerImplTestMethodsTest" time="0.039"/>
  <testcase name="createEcritureComptableReferenceDateNullTestFail" classname="com.dummy.myerp.business.impl.manager.ComptabiliteManagerImplTest$ComptabiliteManagerImplTestMethodsTest" time="0.001"/>
  <testcase name="referenceNumberFormatTestFail" classname="com.dummy.myerp.business.impl.manager.ComptabiliteManagerImplTest$ComptabiliteManagerImplTestMethodsTest" time="0.004"/>
  <testcase name="referenceNumberFormatTestPass{int}[1]" classname="com.dummy.myerp.business.impl.manager.ComptabiliteManagerImplTest$ComptabiliteManagerImplTestMethodsTest" time="0"/>
  <testcase name="referenceNumberFormatTestPass{int}[2]" classname="com.dummy.myerp.business.impl.manager.ComptabiliteManagerImplTest$ComptabiliteManagerImplTestMethodsTest" time="0"/>
  <testcase name="referenceNumberFormatTestPass{int}[3]" classname="com.dummy.myerp.business.impl.manager.ComptabiliteManagerImplTest$ComptabiliteManagerImplTestMethodsTest" time="0"/>
  <testcase name="referenceNumberFormatTestPass{int}[4]" classname="com.dummy.myerp.business.impl.manager.ComptabiliteManagerImplTest$ComptabiliteManagerImplTestMethodsTest" time="0.002"/>
  <testcase name="getYearNullDateTestPass" classname="com.dummy.myerp.business.impl.manager.ComptabiliteManagerImplTest$ComptabiliteManagerImplTestMethodsTest" time="0.005"/>
  <testcase name="setEcritureComptableReferenceDateNullTestFail" classname="com.dummy.myerp.business.impl.manager.ComptabiliteManagerImplTest$ComptabiliteManagerImplTestMethodsTest" time="0.002"/>
  <testcase name="journalComptableFoundTest{String}[1]" classname="com.dummy.myerp.business.impl.manager.ComptabiliteManagerImplTest$ComptabiliteManagerImplTestMethodsTest" time="0.011"/>
  <testcase name="journalComptableFoundTest{String}[2]" classname="com.dummy.myerp.business.impl.manager.ComptabiliteManagerImplTest$ComptabiliteManagerImplTestMethodsTest" time="0.004"/>
  <testcase name="parseDateToStringNullDateTestPass" classname="com.dummy.myerp.business.impl.manager.ComptabiliteManagerImplTest$ComptabiliteManagerImplTestMethodsTest" time="0.002"/>
  <testcase name="createSequenceEcritureComptableDateNullTest" classname="com.dummy.myerp.business.impl.manager.ComptabiliteManagerImplTest$ComptabiliteManagerImplTestMethodsTest" time="0.118"/>
  <testcase name="getYearTestPass" classname="com.dummy.myerp.business.impl.manager.ComptabiliteManagerImplTest$ComptabiliteManagerImplTestMethodsTest" time="0"/>
  <testcase name="ecritureComptableNotFoundTest{int}[1]" classname="com.dummy.myerp.business.impl.manager.ComptabiliteManagerImplTest$ComptabiliteManagerImplTestMethodsTest" time="0"/>
  <testcase name="ecritureComptableNotFoundTest{int}[2]" classname="com.dummy.myerp.business.impl.manager.ComptabiliteManagerImplTest$ComptabiliteManagerImplTestMethodsTest" time="0"/>
  <testcase name="addTheNewLastValueToSequenceEcritureComptableTest" classname="com.dummy.myerp.business.impl.manager.ComptabiliteManagerImplTest$ComptabiliteManagerImplTestMethodsTest" time="0"/>
  <testcase name="createSequenceEcritureComptableTest" classname="com.dummy.myerp.business.impl.manager.ComptabiliteManagerImplTest$ComptabiliteManagerImplTestMethodsTest" time="0.004"/>
  <testcase name="parseDateToStringTestPass" classname="com.dummy.myerp.business.impl.manager.ComptabiliteManagerImplTest$ComptabiliteManagerImplTestMethodsTest" time="0.005"/>
  <testcase name="compteComptableNotFoundTest{int}[1]" classname="com.dummy.myerp.business.impl.manager.ComptabiliteManagerImplTest$ComptabiliteManagerImplTestMethodsTest" time="0.005"/>
  <testcase name="compteComptableNotFoundTest{int}[2]" classname="com.dummy.myerp.business.impl.manager.ComptabiliteManagerImplTest$ComptabiliteManagerImplTestMethodsTest" time="0.003"/>
  <testcase name="atLeastOneDebitAndOneCreditTestFailZero" classname="com.dummy.myerp.business.impl.manager.ComptabiliteManagerImplTest$ComptabiliteManagerImplTestRGComptaTest" time="0.008"/>
  <testcase name="checkReferenceJournalCodeTestFail" classname="com.dummy.myerp.business.impl.manager.ComptabiliteManagerImplTest$ComptabiliteManagerImplTestRGComptaTest" time="0.012"/>
  <testcase name="checkReferenceJournalCodeTestPass" classname="com.dummy.myerp.business.impl.manager.ComptabiliteManagerImplTest$ComptabiliteManagerImplTestRGComptaTest" time="0.001"/>
  <testcase name="checkReferenceDateTestFail" classname="com.dummy.myerp.business.impl.manager.ComptabiliteManagerImplTest$ComptabiliteManagerImplTestRGComptaTest" time="0"/>
  <testcase name="checkReferenceDateTestPass" classname="com.dummy.myerp.business.impl.manager.ComptabiliteManagerImplTest$ComptabiliteManagerImplTestRGComptaTest" time="0"/>
  <testcase name="isListLigneEcritureSizePassFailNoDebit" classname="com.dummy.myerp.business.impl.manager.ComptabiliteManagerImplTest$ComptabiliteManagerImplTestRGComptaTest" time="0.019"/>
  <testcase name="isListLigneEcritureSizePassTestPass" classname="com.dummy.myerp.business.impl.manager.ComptabiliteManagerImplTest$ComptabiliteManagerImplTestRGComptaTest" time="0.001"/>
  <testcase name="checkRGCompta3TestFail{int}[1]" classname="com.dummy.myerp.business.impl.manager.ComptabiliteManagerImplTest$ComptabiliteManagerImplTestRGComptaTest" time="0.044"/>
  <testcase name="checkRGCompta3TestFail{int}[2]" classname="com.dummy.myerp.business.impl.manager.ComptabiliteManagerImplTest$ComptabiliteManagerImplTestRGComptaTest" time="0.024"/>
  <testcase name="checkRGCompta3TestPass" classname="com.dummy.myerp.business.impl.manager.ComptabiliteManagerImplTest$ComptabiliteManagerImplTestRGComptaTest" time="0.004"/>
  <testcase name="isListLigneEcritureSizePassFailNoCredit" classname="com.dummy.myerp.business.impl.manager.ComptabiliteManagerImplTest$ComptabiliteManagerImplTestRGComptaTest" time="0.001"/>
  <testcase name="isListLigneEcritureSizePassTestFailZero" classname="com.dummy.myerp.business.impl.manager.ComptabiliteManagerImplTest$ComptabiliteManagerImplTestRGComptaTest" time="0.001"/>
  <testcase name="checkRGCompta5TestFail{String}[1]" classname="com.dummy.myerp.business.impl.manager.ComptabiliteManagerImplTest$ComptabiliteManagerImplTestRGComptaTest" time="0.021"/>
  <testcase name="checkRGCompta5TestFail{String}[2]" classname="com.dummy.myerp.business.impl.manager.ComptabiliteManagerImplTest$ComptabiliteManagerImplTestRGComptaTest" time="0.017"/>
  <testcase name="checkRGCompta5TestFail{String}[3]" classname="com.dummy.myerp.business.impl.manager.ComptabiliteManagerImplTest$ComptabiliteManagerImplTestRGComptaTest" time="0.018"/>
  <testcase name="checkRGCompta5TestPass" classname="com.dummy.myerp.business.impl.manager.ComptabiliteManagerImplTest$ComptabiliteManagerImplTestRGComptaTest" time="0.005"/>
  <testcase name="isListLigneEcritureSizePassTestFailOne" classname="com.dummy.myerp.business.impl.manager.ComptabiliteManagerImplTest$ComptabiliteManagerImplTestRGComptaTest" time="0.002"/>
</testsuite>