<?xml version="1.0" encoding="UTF-8"?>
<testsuite xmlns:xsi="http://www.w3.org/2001/XMLSchema-instance" xsi:noNamespaceSchemaLocation="https://maven.apache.org/surefire/maven-surefire-plugin/xsd/surefire-test-report.xsd" name="com.dummy.myerp.business.impl.manager.ComptabiliteManagerImplMockTest" time="9.077" tests="33" errors="0" skipped="0" failures="0">
  <properties>
[...]
</properties>
  <testcase name="addreferenceFoundSequenceTest" classname="com.dummy.myerp.business.impl.manager.ComptabiliteManagerImplMockTest$ComptabiliteManagerImplMockTestAddRefrenceTests" time="8.108"/>
  <testcase name="addreferenceNotFoundSequenceTest" classname="com.dummy.myerp.business.impl.manager.ComptabiliteManagerImplMockTest$ComptabiliteManagerImplMockTestAddRefrenceTests" time="0.029"/>
  <testcase name="checkEcritureComptableContextNoDefaultIdAndNotEqualsTest" classname="com.dummy.myerp.business.impl.manager.ComptabiliteManagerImplMockTest$ComptabiliteManagerImplMockTestCheckEcritureComptablesTests" time="0.053"/>
  <testcase name="checkIsJournalAndCompteComptableExistJournalTest" classname="com.dummy.myerp.business.impl.manager.ComptabiliteManagerImplMockTest$ComptabiliteManagerImplMockTestCheckEcritureComptablesTests" time="0.011"/>
  <testcase name="checkEcritureComptableBeforeUpdateNotFoundExceptionTest" classname="com.dummy.myerp.business.impl.manager.ComptabiliteManagerImplMockTest$ComptabiliteManagerImplMockTestCheckEcritureComptablesTests" time="0.008"/>
  <testcase name="checkEcritureComptableBeforeUpdateTest" classname="com.dummy.myerp.business.impl.manager.ComptabiliteManagerImplMockTest$ComptabiliteManagerImplMockTestCheckEcritureComptablesTests" time="0.005"/>
  <testcase name="checkEcritureComptableContextNotFoundRefTest" classname="com.dummy.myerp.business.impl.manager.ComptabiliteManagerImplMockTest$ComptabiliteManagerImplMockTestCheckEcritureComptablesTests" time="0.01"/>
  <testcase name="checkEcritureComptableCheckEcritureComptableUnitTest" classname="com.dummy.myerp.business.impl.manager.ComptabiliteManagerImplMockTest$ComptabiliteManagerImplMockTestCheckEcritureComptablesTests" time="0.012"/>
  <testcase name="checkIsEcritureComptableExistNotTest" classname="com.dummy.myerp.business.impl.manager.ComptabiliteManagerImplMockTest$ComptabiliteManagerImplMockTestCheckEcritureComptablesTests" time="0.007"/>
  <testcase name="checkIsJournalAndCompteComptableExistCompteTest" classname="com.dummy.myerp.business.impl.manager.ComptabiliteManagerImplMockTest$ComptabiliteManagerImplMockTestCheckEcritureComptablesTests" time="0.007"/>
  <testcase name="checkIsEcritureComptableExistTest" classname="com.dummy.myerp.business.impl.manager.ComptabiliteManagerImplMockTest$ComptabiliteManagerImplMockTestCheckEcritureComptablesTests" time="0.005"/>
  <testcase name="checkEcritureComptableCheckEcritureComptableContextTest" classname="com.dummy.myerp.business.impl.manager.ComptabiliteManagerImplMockTest$ComptabiliteManagerImplMockTestCheckEcritureComptablesTests" time="0.006"/>
  <testcase name="checkEcritureComptableTest" classname="com.dummy.myerp.business.impl.manager.ComptabiliteManagerImplMockTest$ComptabiliteManagerImplMockTestCheckEcritureComptablesTests" time="0.006"/>
  <testcase name="checkEcritureComptableContextDefaultIdTest" classname="com.dummy.myerp.business.impl.manager.ComptabiliteManagerImplMockTest$ComptabiliteManagerImplMockTestCheckEcritureComptablesTests" time="0.006"/>
  <testcase name="checkEcritureComptableContextNoDefaultIdAndEqualsTest" classname="com.dummy.myerp.business.impl.manager.ComptabiliteManagerImplMockTest$ComptabiliteManagerImplMockTestCheckEcritureComptablesTests" time="0.008"/>
  <testcase name="checkIsJournalAndCompteComptableExistTest" classname="com.dummy.myerp.business.impl.manager.ComptabiliteManagerImplMockTest$ComptabiliteManagerImplMockTestCheckEcritureComptablesTests" time="0.006"/>
  <testcase name="checkEcritureComptableCheckIsJournalAndCompteComptableExistTest" classname="com.dummy.myerp.business.impl.manager.ComptabiliteManagerImplMockTest$ComptabiliteManagerImplMockTestCheckEcritureComptablesTests" time="0.007"/>
  <testcase name="checkEcritureComptableContextNullRefTest" classname="com.dummy.myerp.business.impl.manager.ComptabiliteManagerImplMockTest$ComptabiliteManagerImplMockTestCheckEcritureComptablesTests" time="0.006"/>
  <testcase name="updateTestFailNotFoundException" classname="com.dummy.myerp.business.impl.manager.ComptabiliteManagerImplMockTest$ComptabiliteManagerImplMockTestCRUDTest" time="0.007"/>
  <testcase name="InsertTestFailNotFoundException" classname="com.dummy.myerp.business.impl.manager.ComptabiliteManagerImplMockTest$ComptabiliteManagerImplMockTestCRUDTest" time="0.005"/>
  <testcase name="updateTestFailFunctionalException" classname="com.dummy.myerp.business.impl.manager.ComptabiliteManagerImplMockTest$ComptabiliteManagerImplMockTestCRUDTest" time="0.417"/>
  <testcase name="updateSequenceEcritureComptableTestPass" classname="com.dummy.myerp.business.impl.manager.ComptabiliteManagerImplMockTest$ComptabiliteManagerImplMockTestCRUDTest" time="0.007"/>
  <testcase name="updateTestPass" classname="com.dummy.myerp.business.impl.manager.ComptabiliteManagerImplMockTest$ComptabiliteManagerImplMockTestCRUDTest" time="0.005"/>
  <testcase name="insertTestPass" classname="com.dummy.myerp.business.impl.manager.ComptabiliteManagerImplMockTest$ComptabiliteManagerImplMockTestCRUDTest" time="0.007"/>
  <testcase name="InsertTestFailFunctionalException" classname="com.dummy.myerp.business.impl.manager.ComptabiliteManagerImplMockTest$ComptabiliteManagerImplMockTestCRUDTest" time="0.005"/>
  <testcase name="deleteTestPass" classname="com.dummy.myerp.business.impl.manager.ComptabiliteManagerImplMockTest$ComptabiliteManagerImplMockTestCRUDTest" time="0.005"/>
  <testcase name="insertSequenceEcritureComptableTestPass" classname="com.dummy.myerp.business.impl.manager.ComptabiliteManagerImplMockTest$ComptabiliteManagerImplMockTestCRUDTest" time="0.008"/>
  <testcase name="ecritureComptableIsEquilibreeTrue" classname="com.dummy.myerp.business.impl.manager.ComptabiliteManagerImplMockTest" time="0.022"/>
  <testcase name="ecitureComptableIdValueNotDefaultCheckFail" classname="com.dummy.myerp.business.impl.manager.ComptabiliteManagerImplMockTest" time="0"/>
  <testcase name="ecitureComptableIdValueNotDefaultCheckPass{int}[1]" classname="com.dummy.myerp.business.impl.manager.ComptabiliteManagerImplMockTest" time="0.07"/>
  <testcase name="ecitureComptableIdValueNotDefaultCheckPass{int}[2]" classname="com.dummy.myerp.business.impl.manager.ComptabiliteManagerImplMockTest" time="0.01"/>
  <testcase name="ecitureComptableIdValueNotDefaultCheckPass{int}[3]" classname="com.dummy.myerp.business.impl.manager.ComptabiliteManagerImplMockTest" time="0.01"/>
  <testcase name="ecritureComptableIsEquilibreeFalse" classname="com.dummy.myerp.business.impl.manager.ComptabiliteManagerImplMockTest" time="0.005"/>
</testsuite>